<?xml version="1.0" encoding="UTF-8"?>
<coverage generated="1577279387654" clover="3.2.0">
  <project timestamp="1577279387654" name="All files">
    <metrics statements="149" coveredstatements="101" conditionals="62" coveredconditionals="31" methods="71" coveredmethods="54" elements="282" coveredelements="186" complexity="0" loc="149" ncloc="149" packages="2" files="14" classes="14"/>
    <package name="components">
      <metrics statements="144" coveredstatements="97" conditionals="62" coveredconditionals="31" methods="69" coveredmethods="53"/>
      <file name="button.vue" path="/Users/mokunshao/Documents/GitHub/vigour/src/components/button.vue">
        <metrics statements="5" coveredstatements="5" conditionals="0" coveredconditionals="0" methods="3" coveredmethods="3"/>
        <line num="26" count="1" type="stmt"/>
        <line num="43" count="5" type="stmt"/>
        <line num="55" count="5" type="stmt"/>
        <line num="61" count="1" type="stmt"/>
        <line num="62" count="1" type="stmt"/>
      </file>
      <file name="col.vue" path="/Users/mokunshao/Documents/GitHub/vigour/src/components/col.vue">
        <metrics statements="11" coveredstatements="11" conditionals="5" coveredconditionals="5" methods="6" coveredmethods="6"/>
        <line num="10" count="14" type="stmt"/>
        <line num="11" count="2" type="stmt"/>
        <line num="12" count="28" type="stmt"/>
        <line num="13" count="28" type="cond" truecount="2" falsecount="0"/>
        <line num="14" count="12" type="stmt"/>
        <line num="16" count="28" type="stmt"/>
        <line num="46" count="7" type="stmt"/>
        <line num="52" count="8" type="stmt"/>
        <line num="53" count="8" type="stmt"/>
        <line num="56" count="7" type="stmt"/>
        <line num="64" count="7" type="cond" truecount="3" falsecount="0"/>
      </file>
      <file name="collapse-item.vue" path="/Users/mokunshao/Documents/GitHub/vigour/src/components/collapse-item.vue">
        <metrics statements="10" coveredstatements="5" conditionals="2" coveredconditionals="2" methods="7" coveredmethods="2"/>
        <line num="28" count="1" type="stmt"/>
        <line num="42" count="5" type="stmt"/>
        <line num="46" count="5" type="stmt"/>
        <line num="47" count="5" type="cond" truecount="2" falsecount="0"/>
        <line num="48" count="4" type="stmt"/>
        <line num="52" count="0" type="stmt"/>
        <line num="54" count="0" type="stmt"/>
        <line num="57" count="0" type="stmt"/>
        <line num="60" count="0" type="stmt"/>
        <line num="63" count="0" type="stmt"/>
      </file>
      <file name="collapse.vue" path="/Users/mokunshao/Documents/GitHub/vigour/src/components/collapse.vue">
        <metrics statements="12" coveredstatements="2" conditionals="8" coveredconditionals="0" methods="3" coveredmethods="2"/>
        <line num="23" count="2" type="stmt"/>
        <line num="24" count="5" type="stmt"/>
        <line num="25" count="0" type="cond" truecount="0" falsecount="2"/>
        <line num="26" count="0" type="cond" truecount="0" falsecount="2"/>
        <line num="27" count="0" type="stmt"/>
        <line num="29" count="0" type="stmt"/>
        <line num="30" count="0" type="stmt"/>
        <line num="31" count="0" type="cond" truecount="0" falsecount="2"/>
        <line num="32" count="0" type="stmt"/>
        <line num="34" count="0" type="cond" truecount="0" falsecount="2"/>
        <line num="35" count="0" type="stmt"/>
        <line num="37" count="0" type="stmt"/>
      </file>
      <file name="icon.vue" path="/Users/mokunshao/Documents/GitHub/vigour/src/components/icon.vue">
        <metrics statements="1" coveredstatements="1" conditionals="0" coveredconditionals="0" methods="0" coveredmethods="0"/>
        <line num="8" count="3" type="stmt"/>
      </file>
      <file name="input.vue" path="/Users/mokunshao/Documents/GitHub/vigour/src/components/input.vue">
        <metrics statements="2" coveredstatements="1" conditionals="0" coveredconditionals="0" methods="1" coveredmethods="0"/>
        <line num="22" count="1" type="stmt"/>
        <line num="46" count="0" type="stmt"/>
      </file>
      <file name="popover.vue" path="/Users/mokunshao/Documents/GitHub/vigour/src/components/popover.vue">
        <metrics statements="47" coveredstatements="23" conditionals="22" coveredconditionals="5" methods="17" coveredmethods="9"/>
        <line num="25" count="2" type="stmt"/>
        <line num="32" count="2" type="stmt"/>
        <line num="36" count="2" type="stmt"/>
        <line num="38" count="2" type="cond" truecount="2" falsecount="0"/>
        <line num="39" count="1" type="stmt"/>
        <line num="41" count="2" type="cond" truecount="2" falsecount="0"/>
        <line num="42" count="1" type="stmt"/>
        <line num="43" count="1" type="stmt"/>
        <line num="47" count="0" type="stmt"/>
        <line num="48" count="0" type="cond" truecount="0" falsecount="2"/>
        <line num="49" count="0" type="cond" truecount="0" falsecount="2"/>
        <line num="50" count="0" type="stmt"/>
        <line num="53" count="0" type="cond" truecount="0" falsecount="2"/>
        <line num="54" count="0" type="cond" truecount="0" falsecount="2"/>
        <line num="55" count="0" type="stmt"/>
        <line num="56" count="0" type="stmt"/>
        <line num="58" count="0" type="cond" truecount="0" falsecount="2"/>
        <line num="59" count="0" type="stmt"/>
        <line num="60" count="0" type="stmt"/>
        <line num="66" count="0" type="stmt"/>
        <line num="67" count="0" type="stmt"/>
        <line num="68" count="0" type="cond" truecount="0" falsecount="4"/>
        <line num="69" count="0" type="stmt"/>
        <line num="73" count="1" type="stmt"/>
        <line num="74" count="1" type="stmt"/>
        <line num="75" count="1" type="stmt"/>
        <line num="76" count="1" type="stmt"/>
        <line num="77" count="1" type="stmt"/>
        <line num="78" count="1" type="stmt"/>
        <line num="82" count="0" type="stmt"/>
        <line num="83" count="0" type="stmt"/>
        <line num="86" count="0" type="cond" truecount="0" falsecount="2"/>
        <line num="87" count="0" type="stmt"/>
        <line num="89" count="0" type="stmt"/>
        <line num="93" count="1" type="stmt"/>
        <line num="96" count="1" type="stmt"/>
        <line num="97" count="1" type="stmt"/>
        <line num="115" count="1" type="stmt"/>
        <line num="116" count="1" type="stmt"/>
        <line num="119" count="1" type="cond" truecount="1" falsecount="1"/>
        <line num="120" count="1" type="stmt"/>
        <line num="121" count="1" type="stmt"/>
        <line num="125" count="1" type="stmt"/>
        <line num="128" count="0" type="stmt"/>
        <line num="129" count="0" type="stmt"/>
        <line num="133" count="0" type="stmt"/>
        <line num="136" count="0" type="stmt"/>
      </file>
      <file name="row.vue" path="/Users/mokunshao/Documents/GitHub/vigour/src/components/row.vue">
        <metrics statements="7" coveredstatements="7" conditionals="2" coveredconditionals="2" methods="5" coveredmethods="5"/>
        <line num="15" count="1" type="stmt"/>
        <line num="20" count="2" type="stmt"/>
        <line num="21" count="1" type="stmt"/>
        <line num="26" count="2" type="stmt"/>
        <line num="27" count="2" type="stmt"/>
        <line num="30" count="4" type="stmt"/>
        <line num="31" count="4" type="cond" truecount="2" falsecount="0"/>
      </file>
      <file name="tabs-head.vue" path="/Users/mokunshao/Documents/GitHub/vigour/src/components/tabs-head.vue">
        <metrics statements="12" coveredstatements="7" conditionals="2" coveredconditionals="1" methods="3" coveredmethods="3"/>
        <line num="19" count="2" type="stmt"/>
        <line num="20" count="1" type="cond" truecount="1" falsecount="1"/>
        <line num="21" count="0" type="stmt"/>
        <line num="22" count="0" type="stmt"/>
        <line num="23" count="0" type="stmt"/>
        <line num="24" count="0" type="stmt"/>
        <line num="25" count="0" type="stmt"/>
        <line num="27" count="1" type="stmt"/>
        <line num="28" count="1" type="stmt"/>
        <line num="29" count="1" type="stmt"/>
        <line num="30" count="1" type="stmt"/>
        <line num="34" count="2" type="stmt"/>
      </file>
      <file name="tabs-item.vue" path="/Users/mokunshao/Documents/GitHub/vigour/src/components/tabs-item.vue">
        <metrics statements="7" coveredstatements="7" conditionals="2" coveredconditionals="2" methods="5" coveredmethods="5"/>
        <line num="20" count="2" type="stmt"/>
        <line num="26" count="4" type="stmt"/>
        <line num="34" count="2" type="cond" truecount="2" falsecount="0"/>
        <line num="35" count="1" type="stmt"/>
        <line num="36" count="1" type="stmt"/>
        <line num="41" count="2" type="stmt"/>
        <line num="42" count="1" type="stmt"/>
      </file>
      <file name="tabs-pane.vue" path="/Users/mokunshao/Documents/GitHub/vigour/src/components/tabs-pane.vue">
        <metrics statements="4" coveredstatements="4" conditionals="0" coveredconditionals="0" methods="4" coveredmethods="4"/>
        <line num="17" count="2" type="stmt"/>
        <line num="23" count="3" type="stmt"/>
        <line num="29" count="2" type="stmt"/>
        <line num="30" count="1" type="stmt"/>
      </file>
      <file name="tabs.vue" path="/Users/mokunshao/Documents/GitHub/vigour/src/components/tabs.vue">
        <metrics statements="13" coveredstatements="11" conditionals="6" coveredconditionals="4" methods="8" coveredmethods="7"/>
        <line num="8" count="2" type="stmt"/>
        <line num="20" count="0" type="stmt"/>
        <line num="25" count="2" type="stmt"/>
        <line num="30" count="2" type="stmt"/>
        <line num="33" count="2" type="stmt"/>
        <line num="38" count="2" type="stmt"/>
        <line num="39" count="4" type="cond" truecount="2" falsecount="0"/>
        <line num="40" count="2" type="stmt"/>
        <line num="41" count="2" type="cond" truecount="1" falsecount="1"/>
        <line num="42" count="2" type="cond" truecount="1" falsecount="1"/>
        <line num="43" count="0" type="stmt"/>
        <line num="50" count="2" type="stmt"/>
        <line num="51" count="1" type="stmt"/>
      </file>
      <file name="toast.vue" path="/Users/mokunshao/Documents/GitHub/vigour/src/components/toast.vue">
        <metrics statements="13" coveredstatements="13" conditionals="13" coveredconditionals="10" methods="7" coveredmethods="7"/>
        <line num="31" count="1" type="cond" truecount="3" falsecount="2"/>
        <line num="32" count="1" type="cond" truecount="2" falsecount="0"/>
        <line num="33" count="1" type="stmt"/>
        <line num="39" count="1" type="stmt"/>
        <line num="44" count="4" type="cond" truecount="2" falsecount="0"/>
        <line num="45" count="2" type="stmt"/>
        <line num="46" count="2" type="stmt"/>
        <line num="52" count="1" type="stmt"/>
        <line num="53" count="1" type="cond" truecount="1" falsecount="1"/>
        <line num="54" count="1" type="stmt"/>
        <line num="58" count="3" type="stmt"/>
        <line num="59" count="3" type="stmt"/>
        <line num="64" count="6" type="cond" truecount="2" falsecount="0"/>
      </file>
    </package>
    <package name="icons">
      <metrics statements="5" coveredstatements="4" conditionals="0" coveredconditionals="0" methods="2" coveredmethods="1"/>
      <file name="index.js" path="/Users/mokunshao/Documents/GitHub/vigour/src/icons/index.js">
        <metrics statements="5" coveredstatements="4" conditionals="0" coveredconditionals="0" methods="2" coveredmethods="1"/>
        <line num="1" count="3" type="stmt"/>
        <line num="2" count="3" type="stmt"/>
        <line num="3" count="3" type="stmt"/>
        <line num="4" count="0" type="stmt"/>
        <line num="6" count="3" type="stmt"/>
      </file>
    </package>
  </project>
</coverage>
