{"/Users/mokunshao/Documents/GitHub/vigour/src/components/button.vue": {"path":"/Users/mokunshao/Documents/GitHub/vigour/src/components/button.vue","statementMap":{"0":{"start":{"line":26,"column":0},"end":{"line":26,"column":null}},"1":{"start":{"line":43,"column":0},"end":{"line":43,"column":null}},"2":{"start":{"line":55,"column":0},"end":{"line":55,"column":null}},"3":{"start":{"line":61,"column":0},"end":{"line":61,"column":null}},"4":{"start":{"line":62,"column":0},"end":{"line":62,"column":null}}},"fnMap":{"0":{"name":"(anonymous_1)","decl":{"start":{"line":42,"column":0},"end":{"line":42,"column":null}},"loc":{"start":{"line":42,"column":0},"end":{"line":44,"column":null}}},"1":{"name":"(anonymous_2)","decl":{"start":{"line":54,"column":0},"end":{"line":54,"column":null}},"loc":{"start":{"line":54,"column":0},"end":{"line":56,"column":null}}},"2":{"name":"(anonymous_3)","decl":{"start":{"line":60,"column":0},"end":{"line":60,"column":null}},"loc":{"start":{"line":60,"column":0},"end":{"line":63,"column":null}}}},"branchMap":{},"s":{"0":1,"1":5,"2":5,"3":1,"4":1},"f":{"0":5,"1":5,"2":1},"b":{}}
,"/Users/mokunshao/Documents/GitHub/vigour/src/components/col.vue": {"path":"/Users/mokunshao/Documents/GitHub/vigour/src/components/col.vue","statementMap":{"0":{"start":{"line":10,"column":0},"end":{"line":10,"column":null}},"1":{"start":{"line":11,"column":0},"end":{"line":17,"column":null}},"2":{"start":{"line":12,"column":0},"end":{"line":12,"column":null}},"3":{"start":{"line":13,"column":0},"end":{"line":15,"column":null}},"4":{"start":{"line":14,"column":0},"end":{"line":14,"column":null}},"5":{"start":{"line":16,"column":0},"end":{"line":16,"column":null}},"6":{"start":{"line":46,"column":0},"end":{"line":46,"column":null}},"7":{"start":{"line":52,"column":0},"end":{"line":52,"column":null}},"8":{"start":{"line":53,"column":0},"end":{"line":53,"column":null}},"9":{"start":{"line":56,"column":0},"end":{"line":56,"column":null}},"10":{"start":{"line":64,"column":0},"end":{"line":64,"column":null}}},"fnMap":{"0":{"name":"(anonymous_1)","decl":{"start":{"line":10,"column":0},"end":{"line":10,"column":null}},"loc":{"start":{"line":10,"column":0},"end":{"line":10,"column":null}}},"1":{"name":"(anonymous_3)","decl":{"start":{"line":11,"column":0},"end":{"line":11,"column":null}},"loc":{"start":{"line":11,"column":0},"end":{"line":17,"column":null}}},"2":{"name":"(anonymous_4)","decl":{"start":{"line":14,"column":0},"end":{"line":14,"column":null}},"loc":{"start":{"line":14,"column":0},"end":{"line":14,"column":null}}},"3":{"name":"(anonymous_5)","decl":{"start":{"line":45,"column":0},"end":{"line":45,"column":null}},"loc":{"start":{"line":45,"column":0},"end":{"line":49,"column":null}}},"4":{"name":"(anonymous_6)","decl":{"start":{"line":51,"column":0},"end":{"line":51,"column":null}},"loc":{"start":{"line":51,"column":0},"end":{"line":54,"column":null}}},"5":{"name":"(anonymous_7)","decl":{"start":{"line":55,"column":0},"end":{"line":55,"column":null}},"loc":{"start":{"line":55,"column":0},"end":{"line":72,"column":null}}}},"branchMap":{"0":{"loc":{"start":{"line":13,"column":0},"end":{"line":15,"column":null}},"type":"if","locations":[{"start":{"line":13,"column":0},"end":{"line":15,"column":null}},{"start":{"line":13,"column":0},"end":{"line":15,"column":null}}]},"1":{"loc":{"start":{"line":64,"column":0},"end":{"line":64,"column":null}},"type":"binary-expr","locations":[{"start":{"line":64,"column":0},"end":{"line":64,"column":null}},{"start":{"line":64,"column":0},"end":{"line":64,"column":null}},{"start":{"line":64,"column":0},"end":{"line":64,"column":null}}]}},"s":{"0":14,"1":2,"2":28,"3":28,"4":12,"5":28,"6":7,"7":8,"8":8,"9":7,"10":7},"f":{"0":12,"1":28,"2":8,"3":7,"4":8,"5":7},"b":{"0":[4,24],"1":[14,12,2]}}
,"/Users/mokunshao/Documents/GitHub/vigour/src/components/collapse-item.vue": {"path":"/Users/mokunshao/Documents/GitHub/vigour/src/components/collapse-item.vue","statementMap":{"0":{"start":{"line":28,"column":0},"end":{"line":28,"column":null}},"1":{"start":{"line":42,"column":0},"end":{"line":42,"column":null}},"2":{"start":{"line":46,"column":0},"end":{"line":46,"column":null}},"3":{"start":{"line":47,"column":0},"end":{"line":49,"column":null}},"4":{"start":{"line":48,"column":0},"end":{"line":48,"column":null}},"5":{"start":{"line":52,"column":0},"end":{"line":52,"column":null}},"6":{"start":{"line":54,"column":0},"end":{"line":54,"column":null}},"7":{"start":{"line":57,"column":0},"end":{"line":57,"column":null}},"8":{"start":{"line":60,"column":0},"end":{"line":60,"column":null}},"9":{"start":{"line":63,"column":0},"end":{"line":63,"column":null}}},"fnMap":{"0":{"name":"(anonymous_1)","decl":{"start":{"line":41,"column":0},"end":{"line":41,"column":null}},"loc":{"start":{"line":41,"column":0},"end":{"line":43,"column":null}}},"1":{"name":"(anonymous_2)","decl":{"start":{"line":45,"column":0},"end":{"line":45,"column":null}},"loc":{"start":{"line":45,"column":0},"end":{"line":50,"column":null}}},"2":{"name":"(anonymous_3)","decl":{"start":{"line":52,"column":0},"end":{"line":52,"column":null}},"loc":{"start":{"line":52,"column":0},"end":{"line":52,"column":null}}},"3":{"name":"(anonymous_4)","decl":{"start":{"line":53,"column":0},"end":{"line":53,"column":null}},"loc":{"start":{"line":53,"column":0},"end":{"line":55,"column":null}}},"4":{"name":"(anonymous_5)","decl":{"start":{"line":56,"column":0},"end":{"line":56,"column":null}},"loc":{"start":{"line":56,"column":0},"end":{"line":58,"column":null}}},"5":{"name":"(anonymous_6)","decl":{"start":{"line":59,"column":0},"end":{"line":59,"column":null}},"loc":{"start":{"line":59,"column":0},"end":{"line":61,"column":null}}},"6":{"name":"(anonymous_7)","decl":{"start":{"line":62,"column":0},"end":{"line":62,"column":null}},"loc":{"start":{"line":62,"column":0},"end":{"line":64,"column":null}}}},"branchMap":{"0":{"loc":{"start":{"line":47,"column":0},"end":{"line":49,"column":null}},"type":"if","locations":[{"start":{"line":47,"column":0},"end":{"line":49,"column":null}},{"start":{"line":47,"column":0},"end":{"line":49,"column":null}}]}},"s":{"0":1,"1":5,"2":5,"3":5,"4":4,"5":0,"6":0,"7":0,"8":0,"9":0},"f":{"0":5,"1":5,"2":0,"3":0,"4":0,"5":0,"6":0},"b":{"0":[4,1]}}
,"/Users/mokunshao/Documents/GitHub/vigour/src/components/collapse.vue": {"path":"/Users/mokunshao/Documents/GitHub/vigour/src/components/collapse.vue","statementMap":{"0":{"start":{"line":23,"column":0},"end":{"line":40,"column":null}},"1":{"start":{"line":24,"column":0},"end":{"line":39,"column":null}},"2":{"start":{"line":25,"column":0},"end":{"line":38,"column":null}},"3":{"start":{"line":26,"column":0},"end":{"line":26,"column":null}},"4":{"start":{"line":27,"column":0},"end":{"line":27,"column":null}},"5":{"start":{"line":29,"column":0},"end":{"line":29,"column":null}},"6":{"start":{"line":30,"column":0},"end":{"line":30,"column":null}},"7":{"start":{"line":31,"column":0},"end":{"line":33,"column":null}},"8":{"start":{"line":32,"column":0},"end":{"line":32,"column":null}},"9":{"start":{"line":34,"column":0},"end":{"line":36,"column":null}},"10":{"start":{"line":35,"column":0},"end":{"line":35,"column":null}},"11":{"start":{"line":37,"column":0},"end":{"line":37,"column":null}}},"fnMap":{"0":{"name":"(anonymous_1)","decl":{"start":{"line":22,"column":0},"end":{"line":22,"column":null}},"loc":{"start":{"line":22,"column":0},"end":{"line":41,"column":null}}},"1":{"name":"(anonymous_2)","decl":{"start":{"line":23,"column":0},"end":{"line":23,"column":null}},"loc":{"start":{"line":23,"column":0},"end":{"line":40,"column":null}}},"2":{"name":"(anonymous_3)","decl":{"start":{"line":24,"column":0},"end":{"line":24,"column":null}},"loc":{"start":{"line":24,"column":0},"end":{"line":39,"column":null}}}},"branchMap":{"0":{"loc":{"start":{"line":25,"column":0},"end":{"line":38,"column":null}},"type":"if","locations":[{"start":{"line":25,"column":0},"end":{"line":38,"column":null}},{"start":{"line":25,"column":0},"end":{"line":38,"column":null}}]},"1":{"loc":{"start":{"line":26,"column":0},"end":{"line":26,"column":null}},"type":"cond-expr","locations":[{"start":{"line":26,"column":0},"end":{"line":26,"column":null}},{"start":{"line":26,"column":0},"end":{"line":26,"column":null}}]},"2":{"loc":{"start":{"line":31,"column":0},"end":{"line":33,"column":null}},"type":"if","locations":[{"start":{"line":31,"column":0},"end":{"line":33,"column":null}},{"start":{"line":31,"column":0},"end":{"line":33,"column":null}}]},"3":{"loc":{"start":{"line":34,"column":0},"end":{"line":36,"column":null}},"type":"if","locations":[{"start":{"line":34,"column":0},"end":{"line":36,"column":null}},{"start":{"line":34,"column":0},"end":{"line":36,"column":null}}]}},"s":{"0":2,"1":5,"2":0,"3":0,"4":0,"5":0,"6":0,"7":0,"8":0,"9":0,"10":0,"11":0},"f":{"0":2,"1":5,"2":0},"b":{"0":[0,0],"1":[0,0],"2":[0,0],"3":[0,0]}}
,"/Users/mokunshao/Documents/GitHub/vigour/src/components/icon.vue": {"path":"/Users/mokunshao/Documents/GitHub/vigour/src/components/icon.vue","statementMap":{"0":{"start":{"line":8,"column":0},"end":{"line":8,"column":null}}},"fnMap":{},"branchMap":{},"s":{"0":3},"f":{},"b":{}}
,"/Users/mokunshao/Documents/GitHub/vigour/src/components/input.vue": {"path":"/Users/mokunshao/Documents/GitHub/vigour/src/components/input.vue","statementMap":{"0":{"start":{"line":22,"column":0},"end":{"line":22,"column":null}},"1":{"start":{"line":46,"column":0},"end":{"line":46,"column":null}}},"fnMap":{"0":{"name":"(anonymous_1)","decl":{"start":{"line":45,"column":0},"end":{"line":45,"column":null}},"loc":{"start":{"line":45,"column":0},"end":{"line":47,"column":null}}}},"branchMap":{},"s":{"0":1,"1":0},"f":{"0":0},"b":{}}
,"/Users/mokunshao/Documents/GitHub/vigour/src/components/popover.vue": {"path":"/Users/mokunshao/Documents/GitHub/vigour/src/components/popover.vue","statementMap":{"0":{"start":{"line":25,"column":0},"end":{"line":25,"column":null}},"1":{"start":{"line":32,"column":0},"end":{"line":32,"column":null}},"2":{"start":{"line":36,"column":0},"end":{"line":36,"column":null}},"3":{"start":{"line":38,"column":0},"end":{"line":40,"column":null}},"4":{"start":{"line":39,"column":0},"end":{"line":39,"column":null}},"5":{"start":{"line":41,"column":0},"end":{"line":44,"column":null}},"6":{"start":{"line":42,"column":0},"end":{"line":42,"column":null}},"7":{"start":{"line":43,"column":0},"end":{"line":43,"column":null}},"8":{"start":{"line":47,"column":0},"end":{"line":47,"column":null}},"9":{"start":{"line":48,"column":0},"end":{"line":52,"column":null}},"10":{"start":{"line":49,"column":0},"end":{"line":51,"column":null}},"11":{"start":{"line":50,"column":0},"end":{"line":50,"column":null}},"12":{"start":{"line":53,"column":0},"end":{"line":62,"column":null}},"13":{"start":{"line":54,"column":0},"end":{"line":57,"column":null}},"14":{"start":{"line":55,"column":0},"end":{"line":55,"column":null}},"15":{"start":{"line":56,"column":0},"end":{"line":56,"column":null}},"16":{"start":{"line":58,"column":0},"end":{"line":61,"column":null}},"17":{"start":{"line":59,"column":0},"end":{"line":59,"column":null}},"18":{"start":{"line":60,"column":0},"end":{"line":60,"column":null}},"19":{"start":{"line":66,"column":0},"end":{"line":66,"column":null}},"20":{"start":{"line":67,"column":0},"end":{"line":67,"column":null}},"21":{"start":{"line":68,"column":0},"end":{"line":70,"column":null}},"22":{"start":{"line":69,"column":0},"end":{"line":69,"column":null}},"23":{"start":{"line":73,"column":0},"end":{"line":73,"column":null}},"24":{"start":{"line":74,"column":0},"end":{"line":79,"column":null}},"25":{"start":{"line":75,"column":0},"end":{"line":75,"column":null}},"26":{"start":{"line":76,"column":0},"end":{"line":76,"column":null}},"27":{"start":{"line":77,"column":0},"end":{"line":77,"column":null}},"28":{"start":{"line":78,"column":0},"end":{"line":78,"column":null}},"29":{"start":{"line":82,"column":0},"end":{"line":82,"column":null}},"30":{"start":{"line":83,"column":0},"end":{"line":83,"column":null}},"31":{"start":{"line":86,"column":0},"end":{"line":90,"column":null}},"32":{"start":{"line":87,"column":0},"end":{"line":87,"column":null}},"33":{"start":{"line":89,"column":0},"end":{"line":89,"column":null}},"34":{"start":{"line":93,"column":0},"end":{"line":93,"column":null}},"35":{"start":{"line":96,"column":0},"end":{"line":96,"column":null}},"36":{"start":{"line":97,"column":0},"end":{"line":97,"column":null}},"37":{"start":{"line":115,"column":0},"end":{"line":115,"column":null}},"38":{"start":{"line":116,"column":0},"end":{"line":116,"column":null}},"39":{"start":{"line":119,"column":0},"end":{"line":122,"column":null}},"40":{"start":{"line":120,"column":0},"end":{"line":120,"column":null}},"41":{"start":{"line":121,"column":0},"end":{"line":121,"column":null}},"42":{"start":{"line":125,"column":0},"end":{"line":125,"column":null}},"43":{"start":{"line":128,"column":0},"end":{"line":130,"column":null}},"44":{"start":{"line":129,"column":0},"end":{"line":129,"column":null}},"45":{"start":{"line":133,"column":0},"end":{"line":133,"column":null}},"46":{"start":{"line":136,"column":0},"end":{"line":136,"column":null}}},"fnMap":{"0":{"name":"(anonymous_1)","decl":{"start":{"line":24,"column":0},"end":{"line":24,"column":null}},"loc":{"start":{"line":24,"column":0},"end":{"line":26,"column":null}}},"1":{"name":"(anonymous_2)","decl":{"start":{"line":31,"column":0},"end":{"line":31,"column":null}},"loc":{"start":{"line":31,"column":0},"end":{"line":33,"column":null}}},"2":{"name":"(anonymous_3)","decl":{"start":{"line":36,"column":0},"end":{"line":36,"column":null}},"loc":{"start":{"line":36,"column":0},"end":{"line":36,"column":null}}},"3":{"name":"(anonymous_4)","decl":{"start":{"line":37,"column":0},"end":{"line":37,"column":null}},"loc":{"start":{"line":37,"column":0},"end":{"line":45,"column":null}}},"4":{"name":"(anonymous_5)","decl":{"start":{"line":46,"column":0},"end":{"line":46,"column":null}},"loc":{"start":{"line":46,"column":0},"end":{"line":63,"column":null}}},"5":{"name":"(anonymous_6)","decl":{"start":{"line":65,"column":0},"end":{"line":65,"column":null}},"loc":{"start":{"line":65,"column":0},"end":{"line":71,"column":null}}},"6":{"name":"(anonymous_7)","decl":{"start":{"line":72,"column":0},"end":{"line":72,"column":null}},"loc":{"start":{"line":72,"column":0},"end":{"line":80,"column":null}}},"7":{"name":"(anonymous_8)","decl":{"start":{"line":74,"column":0},"end":{"line":74,"column":null}},"loc":{"start":{"line":74,"column":0},"end":{"line":79,"column":null}}},"8":{"name":"(anonymous_9)","decl":{"start":{"line":81,"column":0},"end":{"line":81,"column":null}},"loc":{"start":{"line":81,"column":0},"end":{"line":84,"column":null}}},"9":{"name":"(anonymous_10)","decl":{"start":{"line":85,"column":0},"end":{"line":85,"column":null}},"loc":{"start":{"line":85,"column":0},"end":{"line":91,"column":null}}},"10":{"name":"(anonymous_11)","decl":{"start":{"line":92,"column":0},"end":{"line":92,"column":null}},"loc":{"start":{"line":92,"column":0},"end":{"line":117,"column":null}}},"11":{"name":"(anonymous_12)","decl":{"start":{"line":118,"column":0},"end":{"line":118,"column":null}},"loc":{"start":{"line":118,"column":0},"end":{"line":123,"column":null}}},"12":{"name":"(anonymous_13)","decl":{"start":{"line":124,"column":0},"end":{"line":124,"column":null}},"loc":{"start":{"line":124,"column":0},"end":{"line":126,"column":null}}},"13":{"name":"(anonymous_14)","decl":{"start":{"line":127,"column":0},"end":{"line":127,"column":null}},"loc":{"start":{"line":127,"column":0},"end":{"line":131,"column":null}}},"14":{"name":"(anonymous_15)","decl":{"start":{"line":128,"column":0},"end":{"line":128,"column":null}},"loc":{"start":{"line":128,"column":0},"end":{"line":130,"column":null}}},"15":{"name":"(anonymous_16)","decl":{"start":{"line":132,"column":0},"end":{"line":132,"column":null}},"loc":{"start":{"line":132,"column":0},"end":{"line":134,"column":null}}},"16":{"name":"(anonymous_17)","decl":{"start":{"line":135,"column":0},"end":{"line":135,"column":null}},"loc":{"start":{"line":135,"column":0},"end":{"line":137,"column":null}}}},"branchMap":{"0":{"loc":{"start":{"line":38,"column":0},"end":{"line":40,"column":null}},"type":"if","locations":[{"start":{"line":38,"column":0},"end":{"line":40,"column":null}},{"start":{"line":38,"column":0},"end":{"line":40,"column":null}}]},"1":{"loc":{"start":{"line":41,"column":0},"end":{"line":44,"column":null}},"type":"if","locations":[{"start":{"line":41,"column":0},"end":{"line":44,"column":null}},{"start":{"line":41,"column":0},"end":{"line":44,"column":null}}]},"2":{"loc":{"start":{"line":48,"column":0},"end":{"line":52,"column":null}},"type":"if","locations":[{"start":{"line":48,"column":0},"end":{"line":52,"column":null}},{"start":{"line":48,"column":0},"end":{"line":52,"column":null}}]},"3":{"loc":{"start":{"line":49,"column":0},"end":{"line":51,"column":null}},"type":"if","locations":[{"start":{"line":49,"column":0},"end":{"line":51,"column":null}},{"start":{"line":49,"column":0},"end":{"line":51,"column":null}}]},"4":{"loc":{"start":{"line":53,"column":0},"end":{"line":62,"column":null}},"type":"if","locations":[{"start":{"line":53,"column":0},"end":{"line":62,"column":null}},{"start":{"line":53,"column":0},"end":{"line":62,"column":null}}]},"5":{"loc":{"start":{"line":54,"column":0},"end":{"line":57,"column":null}},"type":"if","locations":[{"start":{"line":54,"column":0},"end":{"line":57,"column":null}},{"start":{"line":54,"column":0},"end":{"line":57,"column":null}}]},"6":{"loc":{"start":{"line":58,"column":0},"end":{"line":61,"column":null}},"type":"if","locations":[{"start":{"line":58,"column":0},"end":{"line":61,"column":null}},{"start":{"line":58,"column":0},"end":{"line":61,"column":null}}]},"7":{"loc":{"start":{"line":68,"column":0},"end":{"line":70,"column":null}},"type":"if","locations":[{"start":{"line":68,"column":0},"end":{"line":70,"column":null}},{"start":{"line":68,"column":0},"end":{"line":70,"column":null}}]},"8":{"loc":{"start":{"line":68,"column":0},"end":{"line":68,"column":null}},"type":"binary-expr","locations":[{"start":{"line":68,"column":0},"end":{"line":68,"column":null}},{"start":{"line":68,"column":0},"end":{"line":68,"column":null}}]},"9":{"loc":{"start":{"line":86,"column":0},"end":{"line":90,"column":null}},"type":"if","locations":[{"start":{"line":86,"column":0},"end":{"line":90,"column":null}},{"start":{"line":86,"column":0},"end":{"line":90,"column":null}}]},"10":{"loc":{"start":{"line":119,"column":0},"end":{"line":122,"column":null}},"type":"if","locations":[{"start":{"line":119,"column":0},"end":{"line":122,"column":null}},{"start":{"line":119,"column":0},"end":{"line":122,"column":null}}]}},"s":{"0":2,"1":2,"2":2,"3":2,"4":1,"5":2,"6":1,"7":1,"8":0,"9":0,"10":0,"11":0,"12":0,"13":0,"14":0,"15":0,"16":0,"17":0,"18":0,"19":0,"20":0,"21":0,"22":0,"23":1,"24":1,"25":1,"26":1,"27":1,"28":1,"29":0,"30":0,"31":0,"32":0,"33":0,"34":1,"35":1,"36":1,"37":1,"38":1,"39":1,"40":1,"41":1,"42":1,"43":0,"44":0,"45":0,"46":0},"f":{"0":2,"1":2,"2":2,"3":2,"4":0,"5":0,"6":1,"7":1,"8":0,"9":0,"10":1,"11":1,"12":1,"13":0,"14":0,"15":0,"16":0},"b":{"0":[1,1],"1":[1,1],"2":[0,0],"3":[0,0],"4":[0,0],"5":[0,0],"6":[0,0],"7":[0,0],"8":[0,0],"9":[0,0],"10":[1,0]}}
,"/Users/mokunshao/Documents/GitHub/vigour/src/components/row.vue": {"path":"/Users/mokunshao/Documents/GitHub/vigour/src/components/row.vue","statementMap":{"0":{"start":{"line":15,"column":0},"end":{"line":15,"column":null}},"1":{"start":{"line":20,"column":0},"end":{"line":22,"column":null}},"2":{"start":{"line":21,"column":0},"end":{"line":21,"column":null}},"3":{"start":{"line":26,"column":0},"end":{"line":26,"column":null}},"4":{"start":{"line":27,"column":0},"end":{"line":27,"column":null}},"5":{"start":{"line":30,"column":0},"end":{"line":30,"column":null}},"6":{"start":{"line":31,"column":0},"end":{"line":31,"column":null}}},"fnMap":{"0":{"name":"(anonymous_1)","decl":{"start":{"line":14,"column":0},"end":{"line":14,"column":null}},"loc":{"start":{"line":14,"column":0},"end":{"line":16,"column":null}}},"1":{"name":"(anonymous_2)","decl":{"start":{"line":19,"column":0},"end":{"line":19,"column":null}},"loc":{"start":{"line":19,"column":0},"end":{"line":23,"column":null}}},"2":{"name":"(anonymous_3)","decl":{"start":{"line":20,"column":0},"end":{"line":20,"column":null}},"loc":{"start":{"line":20,"column":0},"end":{"line":22,"column":null}}},"3":{"name":"(anonymous_4)","decl":{"start":{"line":25,"column":0},"end":{"line":25,"column":null}},"loc":{"start":{"line":25,"column":0},"end":{"line":28,"column":null}}},"4":{"name":"(anonymous_5)","decl":{"start":{"line":29,"column":0},"end":{"line":29,"column":null}},"loc":{"start":{"line":29,"column":0},"end":{"line":32,"column":null}}}},"branchMap":{"0":{"loc":{"start":{"line":31,"column":0},"end":{"line":31,"column":null}},"type":"binary-expr","locations":[{"start":{"line":31,"column":0},"end":{"line":31,"column":null}},{"start":{"line":31,"column":0},"end":{"line":31,"column":null}}]}},"s":{"0":1,"1":2,"2":1,"3":2,"4":2,"5":4,"6":4},"f":{"0":1,"1":2,"2":1,"3":2,"4":4},"b":{"0":[4,3]}}
,"/Users/mokunshao/Documents/GitHub/vigour/src/components/tabs-head.vue": {"path":"/Users/mokunshao/Documents/GitHub/vigour/src/components/tabs-head.vue","statementMap":{"0":{"start":{"line":19,"column":0},"end":{"line":31,"column":null}},"1":{"start":{"line":20,"column":0},"end":{"line":26,"column":null}},"2":{"start":{"line":21,"column":0},"end":{"line":21,"column":null}},"3":{"start":{"line":22,"column":0},"end":{"line":22,"column":null}},"4":{"start":{"line":23,"column":0},"end":{"line":23,"column":null}},"5":{"start":{"line":24,"column":0},"end":{"line":24,"column":null}},"6":{"start":{"line":25,"column":0},"end":{"line":25,"column":null}},"7":{"start":{"line":27,"column":0},"end":{"line":27,"column":null}},"8":{"start":{"line":28,"column":0},"end":{"line":28,"column":null}},"9":{"start":{"line":29,"column":0},"end":{"line":29,"column":null}},"10":{"start":{"line":30,"column":0},"end":{"line":30,"column":null}},"11":{"start":{"line":34,"column":0},"end":{"line":34,"column":null}}},"fnMap":{"0":{"name":"(anonymous_1)","decl":{"start":{"line":18,"column":0},"end":{"line":18,"column":null}},"loc":{"start":{"line":18,"column":0},"end":{"line":32,"column":null}}},"1":{"name":"(anonymous_2)","decl":{"start":{"line":19,"column":0},"end":{"line":19,"column":null}},"loc":{"start":{"line":19,"column":0},"end":{"line":31,"column":null}}},"2":{"name":"(anonymous_3)","decl":{"start":{"line":34,"column":0},"end":{"line":34,"column":null}},"loc":{"start":{"line":34,"column":0},"end":{"line":34,"column":null}}}},"branchMap":{"0":{"loc":{"start":{"line":20,"column":0},"end":{"line":26,"column":null}},"type":"if","locations":[{"start":{"line":20,"column":0},"end":{"line":26,"column":null}},{"start":{"line":20,"column":0},"end":{"line":26,"column":null}}]}},"s":{"0":2,"1":1,"2":0,"3":0,"4":0,"5":0,"6":0,"7":1,"8":1,"9":1,"10":1,"11":2},"f":{"0":2,"1":1,"2":2},"b":{"0":[0,1]}}
,"/Users/mokunshao/Documents/GitHub/vigour/src/components/tabs-item.vue": {"path":"/Users/mokunshao/Documents/GitHub/vigour/src/components/tabs-item.vue","statementMap":{"0":{"start":{"line":20,"column":0},"end":{"line":20,"column":null}},"1":{"start":{"line":26,"column":0},"end":{"line":26,"column":null}},"2":{"start":{"line":34,"column":0},"end":{"line":37,"column":null}},"3":{"start":{"line":35,"column":0},"end":{"line":35,"column":null}},"4":{"start":{"line":36,"column":0},"end":{"line":36,"column":null}},"5":{"start":{"line":41,"column":0},"end":{"line":43,"column":null}},"6":{"start":{"line":42,"column":0},"end":{"line":42,"column":null}}},"fnMap":{"0":{"name":"(anonymous_1)","decl":{"start":{"line":19,"column":0},"end":{"line":19,"column":null}},"loc":{"start":{"line":19,"column":0},"end":{"line":23,"column":null}}},"1":{"name":"(anonymous_2)","decl":{"start":{"line":25,"column":0},"end":{"line":25,"column":null}},"loc":{"start":{"line":25,"column":0},"end":{"line":30,"column":null}}},"2":{"name":"(anonymous_3)","decl":{"start":{"line":33,"column":0},"end":{"line":33,"column":null}},"loc":{"start":{"line":33,"column":0},"end":{"line":38,"column":null}}},"3":{"name":"(anonymous_4)","decl":{"start":{"line":40,"column":0},"end":{"line":40,"column":null}},"loc":{"start":{"line":40,"column":0},"end":{"line":44,"column":null}}},"4":{"name":"(anonymous_5)","decl":{"start":{"line":41,"column":0},"end":{"line":41,"column":null}},"loc":{"start":{"line":41,"column":0},"end":{"line":43,"column":null}}}},"branchMap":{"0":{"loc":{"start":{"line":34,"column":0},"end":{"line":37,"column":null}},"type":"if","locations":[{"start":{"line":34,"column":0},"end":{"line":37,"column":null}},{"start":{"line":34,"column":0},"end":{"line":37,"column":null}}]}},"s":{"0":2,"1":4,"2":2,"3":1,"4":1,"5":2,"6":1},"f":{"0":2,"1":4,"2":2,"3":2,"4":1},"b":{"0":[1,1]}}
,"/Users/mokunshao/Documents/GitHub/vigour/src/components/tabs-pane.vue": {"path":"/Users/mokunshao/Documents/GitHub/vigour/src/components/tabs-pane.vue","statementMap":{"0":{"start":{"line":17,"column":0},"end":{"line":17,"column":null}},"1":{"start":{"line":23,"column":0},"end":{"line":23,"column":null}},"2":{"start":{"line":29,"column":0},"end":{"line":31,"column":null}},"3":{"start":{"line":30,"column":0},"end":{"line":30,"column":null}}},"fnMap":{"0":{"name":"(anonymous_1)","decl":{"start":{"line":16,"column":0},"end":{"line":16,"column":null}},"loc":{"start":{"line":16,"column":0},"end":{"line":20,"column":null}}},"1":{"name":"(anonymous_2)","decl":{"start":{"line":22,"column":0},"end":{"line":22,"column":null}},"loc":{"start":{"line":22,"column":0},"end":{"line":26,"column":null}}},"2":{"name":"(anonymous_3)","decl":{"start":{"line":28,"column":0},"end":{"line":28,"column":null}},"loc":{"start":{"line":28,"column":0},"end":{"line":32,"column":null}}},"3":{"name":"(anonymous_4)","decl":{"start":{"line":29,"column":0},"end":{"line":29,"column":null}},"loc":{"start":{"line":29,"column":0},"end":{"line":31,"column":null}}}},"branchMap":{},"s":{"0":2,"1":3,"2":2,"3":1},"f":{"0":2,"1":3,"2":2,"3":1},"b":{}}
,"/Users/mokunshao/Documents/GitHub/vigour/src/components/tabs.vue": {"path":"/Users/mokunshao/Documents/GitHub/vigour/src/components/tabs.vue","statementMap":{"0":{"start":{"line":8,"column":0},"end":{"line":8,"column":null}},"1":{"start":{"line":20,"column":0},"end":{"line":20,"column":null}},"2":{"start":{"line":25,"column":0},"end":{"line":25,"column":null}},"3":{"start":{"line":30,"column":0},"end":{"line":30,"column":null}},"4":{"start":{"line":33,"column":0},"end":{"line":33,"column":null}},"5":{"start":{"line":38,"column":0},"end":{"line":48,"column":null}},"6":{"start":{"line":39,"column":0},"end":{"line":47,"column":null}},"7":{"start":{"line":40,"column":0},"end":{"line":46,"column":null}},"8":{"start":{"line":41,"column":0},"end":{"line":45,"column":null}},"9":{"start":{"line":42,"column":0},"end":{"line":44,"column":null}},"10":{"start":{"line":43,"column":0},"end":{"line":43,"column":null}},"11":{"start":{"line":50,"column":0},"end":{"line":52,"column":null}},"12":{"start":{"line":51,"column":0},"end":{"line":51,"column":null}}},"fnMap":{"0":{"name":"(anonymous_1)","decl":{"start":{"line":19,"column":0},"end":{"line":19,"column":null}},"loc":{"start":{"line":19,"column":0},"end":{"line":21,"column":null}}},"1":{"name":"(anonymous_2)","decl":{"start":{"line":24,"column":0},"end":{"line":24,"column":null}},"loc":{"start":{"line":24,"column":0},"end":{"line":28,"column":null}}},"2":{"name":"(anonymous_3)","decl":{"start":{"line":30,"column":0},"end":{"line":30,"column":null}},"loc":{"start":{"line":30,"column":0},"end":{"line":30,"column":null}}},"3":{"name":"(anonymous_4)","decl":{"start":{"line":32,"column":0},"end":{"line":32,"column":null}},"loc":{"start":{"line":32,"column":0},"end":{"line":36,"column":null}}},"4":{"name":"(anonymous_5)","decl":{"start":{"line":37,"column":0},"end":{"line":37,"column":null}},"loc":{"start":{"line":37,"column":0},"end":{"line":53,"column":null}}},"5":{"name":"(anonymous_6)","decl":{"start":{"line":38,"column":0},"end":{"line":38,"column":null}},"loc":{"start":{"line":38,"column":0},"end":{"line":48,"column":null}}},"6":{"name":"(anonymous_7)","decl":{"start":{"line":40,"column":0},"end":{"line":40,"column":null}},"loc":{"start":{"line":40,"column":0},"end":{"line":46,"column":null}}},"7":{"name":"(anonymous_8)","decl":{"start":{"line":50,"column":0},"end":{"line":50,"column":null}},"loc":{"start":{"line":50,"column":0},"end":{"line":52,"column":null}}}},"branchMap":{"0":{"loc":{"start":{"line":39,"column":0},"end":{"line":47,"column":null}},"type":"if","locations":[{"start":{"line":39,"column":0},"end":{"line":47,"column":null}},{"start":{"line":39,"column":0},"end":{"line":47,"column":null}}]},"1":{"loc":{"start":{"line":41,"column":0},"end":{"line":45,"column":null}},"type":"if","locations":[{"start":{"line":41,"column":0},"end":{"line":45,"column":null}},{"start":{"line":41,"column":0},"end":{"line":45,"column":null}}]},"2":{"loc":{"start":{"line":42,"column":0},"end":{"line":44,"column":null}},"type":"if","locations":[{"start":{"line":42,"column":0},"end":{"line":44,"column":null}},{"start":{"line":42,"column":0},"end":{"line":44,"column":null}}]}},"s":{"0":2,"1":0,"2":2,"3":2,"4":2,"5":2,"6":4,"7":2,"8":2,"9":2,"10":0,"11":2,"12":1},"f":{"0":0,"1":2,"2":2,"3":2,"4":2,"5":4,"6":2,"7":1},"b":{"0":[2,2],"1":[2,0],"2":[0,2]}}
,"/Users/mokunshao/Documents/GitHub/vigour/src/components/toast.vue": {"path":"/Users/mokunshao/Documents/GitHub/vigour/src/components/toast.vue","statementMap":{"0":{"start":{"line":31,"column":0},"end":{"line":31,"column":null}},"1":{"start":{"line":32,"column":0},"end":{"line":32,"column":null}},"2":{"start":{"line":33,"column":0},"end":{"line":33,"column":null}},"3":{"start":{"line":39,"column":0},"end":{"line":39,"column":null}},"4":{"start":{"line":44,"column":0},"end":{"line":48,"column":null}},"5":{"start":{"line":45,"column":0},"end":{"line":47,"column":null}},"6":{"start":{"line":46,"column":0},"end":{"line":46,"column":null}},"7":{"start":{"line":52,"column":0},"end":{"line":52,"column":null}},"8":{"start":{"line":53,"column":0},"end":{"line":55,"column":null}},"9":{"start":{"line":54,"column":0},"end":{"line":54,"column":null}},"10":{"start":{"line":58,"column":0},"end":{"line":58,"column":null}},"11":{"start":{"line":59,"column":0},"end":{"line":59,"column":null}},"12":{"start":{"line":64,"column":0},"end":{"line":64,"column":null}}},"fnMap":{"0":{"name":"(anonymous_1)","decl":{"start":{"line":30,"column":0},"end":{"line":30,"column":null}},"loc":{"start":{"line":30,"column":0},"end":{"line":34,"column":null}}},"1":{"name":"(anonymous_2)","decl":{"start":{"line":38,"column":0},"end":{"line":38,"column":null}},"loc":{"start":{"line":38,"column":0},"end":{"line":40,"column":null}}},"2":{"name":"(anonymous_3)","decl":{"start":{"line":43,"column":0},"end":{"line":43,"column":null}},"loc":{"start":{"line":43,"column":0},"end":{"line":49,"column":null}}},"3":{"name":"(anonymous_4)","decl":{"start":{"line":45,"column":0},"end":{"line":45,"column":null}},"loc":{"start":{"line":45,"column":0},"end":{"line":47,"column":null}}},"4":{"name":"(anonymous_5)","decl":{"start":{"line":51,"column":0},"end":{"line":51,"column":null}},"loc":{"start":{"line":51,"column":0},"end":{"line":56,"column":null}}},"5":{"name":"(anonymous_6)","decl":{"start":{"line":57,"column":0},"end":{"line":57,"column":null}},"loc":{"start":{"line":57,"column":0},"end":{"line":60,"column":null}}},"6":{"name":"(anonymous_7)","decl":{"start":{"line":63,"column":0},"end":{"line":63,"column":null}},"loc":{"start":{"line":63,"column":0},"end":{"line":65,"column":null}}}},"branchMap":{"0":{"loc":{"start":{"line":31,"column":0},"end":{"line":31,"column":null}},"type":"if","locations":[{"start":{"line":31,"column":0},"end":{"line":31,"column":null}},{"start":{"line":31,"column":0},"end":{"line":31,"column":null}}]},"1":{"loc":{"start":{"line":31,"column":0},"end":{"line":31,"column":null}},"type":"binary-expr","locations":[{"start":{"line":31,"column":0},"end":{"line":31,"column":null}},{"start":{"line":31,"column":0},"end":{"line":31,"column":null}},{"start":{"line":31,"column":0},"end":{"line":31,"column":null}}]},"2":{"loc":{"start":{"line":32,"column":0},"end":{"line":32,"column":null}},"type":"if","locations":[{"start":{"line":32,"column":0},"end":{"line":32,"column":null}},{"start":{"line":32,"column":0},"end":{"line":32,"column":null}}]},"3":{"loc":{"start":{"line":44,"column":0},"end":{"line":48,"column":null}},"type":"if","locations":[{"start":{"line":44,"column":0},"end":{"line":48,"column":null}},{"start":{"line":44,"column":0},"end":{"line":48,"column":null}}]},"4":{"loc":{"start":{"line":53,"column":0},"end":{"line":55,"column":null}},"type":"if","locations":[{"start":{"line":53,"column":0},"end":{"line":55,"column":null}},{"start":{"line":53,"column":0},"end":{"line":55,"column":null}}]},"5":{"loc":{"start":{"line":64,"column":0},"end":{"line":64,"column":null}},"type":"cond-expr","locations":[{"start":{"line":64,"column":0},"end":{"line":64,"column":null}},{"start":{"line":64,"column":0},"end":{"line":64,"column":null}}]}},"s":{"0":1,"1":1,"2":1,"3":1,"4":4,"5":2,"6":2,"7":1,"8":1,"9":1,"10":3,"11":3,"12":6},"f":{"0":1,"1":1,"2":4,"3":2,"4":1,"5":3,"6":6},"b":{"0":[0,1],"1":[1,1,0],"2":[1,2],"3":[2,2],"4":[1,0],"5":[3,3]}}
,"/Users/mokunshao/Documents/GitHub/vigour/src/icons/index.js": {"path":"/Users/mokunshao/Documents/GitHub/vigour/src/icons/index.js","statementMap":{"0":{"start":{"line":1,"column":19},"end":{"line":1,"column":78}},"1":{"start":{"line":1,"column":37},"end":{"line":1,"column":78}},"2":{"start":{"line":2,"column":0},"end":{"line":7,"column":1}},"3":{"start":{"line":3,"column":14},"end":{"line":3,"column":55}},"4":{"start":{"line":4,"column":2},"end":{"line":4,"column":18}},"5":{"start":{"line":6,"column":2},"end":{"line":6,"column":16}}},"fnMap":{"0":{"name":"(anonymous_0)","decl":{"start":{"line":1,"column":19},"end":{"line":1,"column":20}},"loc":{"start":{"line":1,"column":37},"end":{"line":1,"column":78}},"line":1},"1":{"name":"(anonymous_1)","decl":{"start":{"line":6,"column":3},"end":{"line":6,"column":4}},"loc":{"start":{"line":6,"column":9},"end":{"line":6,"column":12}},"line":6}},"branchMap":{},"s":{"0":3,"1":0,"2":3,"3":3,"4":0,"5":3},"f":{"0":0,"1":3},"b":{},"_coverageSchema":"43e27e138ebf9cfc5966b082cf9a028302ed4184","hash":"444a0a7178a7b35c05a2b81c144d4ee602f52862"}
}
