TN:
SF:/Users/mokunshao/Documents/GitHub/vigour/src/components/button.vue
FN:42,(anonymous_1)
FN:54,(anonymous_2)
FN:60,(anonymous_3)
FNF:3
FNH:3
FNDA:5,(anonymous_1)
FNDA:5,(anonymous_2)
FNDA:1,(anonymous_3)
DA:26,1
DA:43,5
DA:55,5
DA:61,1
DA:62,1
LF:5
LH:5
BRF:0
BRH:0
end_of_record
TN:
SF:/Users/mokunshao/Documents/GitHub/vigour/src/components/col.vue
FN:10,(anonymous_1)
FN:11,(anonymous_3)
FN:14,(anonymous_4)
FN:45,(anonymous_5)
FN:51,(anonymous_6)
FN:55,(anonymous_7)
FNF:6
FNH:6
FNDA:12,(anonymous_1)
FNDA:28,(anonymous_3)
FNDA:8,(anonymous_4)
FNDA:7,(anonymous_5)
FNDA:8,(anonymous_6)
FNDA:7,(anonymous_7)
DA:10,14
DA:11,2
DA:12,28
DA:13,28
DA:14,12
DA:16,28
DA:46,7
DA:52,8
DA:53,8
DA:56,7
DA:64,7
LF:11
LH:11
BRDA:13,0,0,4
BRDA:13,0,1,24
BRDA:64,1,0,14
BRDA:64,1,1,12
BRDA:64,1,2,2
BRF:5
BRH:5
end_of_record
TN:
SF:/Users/mokunshao/Documents/GitHub/vigour/src/components/collapse-item.vue
FN:41,(anonymous_1)
FN:45,(anonymous_2)
FN:52,(anonymous_3)
FN:53,(anonymous_4)
FN:56,(anonymous_5)
FN:59,(anonymous_6)
FN:62,(anonymous_7)
FNF:7
FNH:2
FNDA:5,(anonymous_1)
FNDA:5,(anonymous_2)
FNDA:0,(anonymous_3)
FNDA:0,(anonymous_4)
FNDA:0,(anonymous_5)
FNDA:0,(anonymous_6)
FNDA:0,(anonymous_7)
DA:28,1
DA:42,5
DA:46,5
DA:47,5
DA:48,4
DA:52,0
DA:54,0
DA:57,0
DA:60,0
DA:63,0
LF:10
LH:5
BRDA:47,0,0,4
BRDA:47,0,1,1
BRF:2
BRH:2
end_of_record
TN:
SF:/Users/mokunshao/Documents/GitHub/vigour/src/components/collapse.vue
FN:22,(anonymous_1)
FN:23,(anonymous_2)
FN:24,(anonymous_3)
FNF:3
FNH:2
FNDA:2,(anonymous_1)
FNDA:5,(anonymous_2)
FNDA:0,(anonymous_3)
DA:23,2
DA:24,5
DA:25,0
DA:26,0
DA:27,0
DA:29,0
DA:30,0
DA:31,0
DA:32,0
DA:34,0
DA:35,0
DA:37,0
LF:12
LH:2
BRDA:25,0,0,0
BRDA:25,0,1,0
BRDA:26,1,0,0
BRDA:26,1,1,0
BRDA:31,2,0,0
BRDA:31,2,1,0
BRDA:34,3,0,0
BRDA:34,3,1,0
BRF:8
BRH:0
end_of_record
TN:
SF:/Users/mokunshao/Documents/GitHub/vigour/src/components/icon.vue
FNF:0
FNH:0
DA:8,3
LF:1
LH:1
BRF:0
BRH:0
end_of_record
TN:
SF:/Users/mokunshao/Documents/GitHub/vigour/src/components/input.vue
FN:45,(anonymous_1)
FNF:1
FNH:0
FNDA:0,(anonymous_1)
DA:22,1
DA:46,0
LF:2
LH:1
BRF:0
BRH:0
end_of_record
TN:
SF:/Users/mokunshao/Documents/GitHub/vigour/src/components/popover.vue
FN:24,(anonymous_1)
FN:31,(anonymous_2)
FN:36,(anonymous_3)
FN:37,(anonymous_4)
FN:46,(anonymous_5)
FN:65,(anonymous_6)
FN:72,(anonymous_7)
FN:74,(anonymous_8)
FN:81,(anonymous_9)
FN:85,(anonymous_10)
FN:92,(anonymous_11)
FN:118,(anonymous_12)
FN:124,(anonymous_13)
FN:127,(anonymous_14)
FN:128,(anonymous_15)
FN:132,(anonymous_16)
FN:135,(anonymous_17)
FNF:17
FNH:9
FNDA:2,(anonymous_1)
FNDA:2,(anonymous_2)
FNDA:2,(anonymous_3)
FNDA:2,(anonymous_4)
FNDA:0,(anonymous_5)
FNDA:0,(anonymous_6)
FNDA:1,(anonymous_7)
FNDA:1,(anonymous_8)
FNDA:0,(anonymous_9)
FNDA:0,(anonymous_10)
FNDA:1,(anonymous_11)
FNDA:1,(anonymous_12)
FNDA:1,(anonymous_13)
FNDA:0,(anonymous_14)
FNDA:0,(anonymous_15)
FNDA:0,(anonymous_16)
FNDA:0,(anonymous_17)
DA:25,2
DA:32,2
DA:36,2
DA:38,2
DA:39,1
DA:41,2
DA:42,1
DA:43,1
DA:47,0
DA:48,0
DA:49,0
DA:50,0
DA:53,0
DA:54,0
DA:55,0
DA:56,0
DA:58,0
DA:59,0
DA:60,0
DA:66,0
DA:67,0
DA:68,0
DA:69,0
DA:73,1
DA:74,1
DA:75,1
DA:76,1
DA:77,1
DA:78,1
DA:82,0
DA:83,0
DA:86,0
DA:87,0
DA:89,0
DA:93,1
DA:96,1
DA:97,1
DA:115,1
DA:116,1
DA:119,1
DA:120,1
DA:121,1
DA:125,1
DA:128,0
DA:129,0
DA:133,0
DA:136,0
LF:47
LH:23
BRDA:38,0,0,1
BRDA:38,0,1,1
BRDA:41,1,0,1
BRDA:41,1,1,1
BRDA:48,2,0,0
BRDA:48,2,1,0
BRDA:49,3,0,0
BRDA:49,3,1,0
BRDA:53,4,0,0
BRDA:53,4,1,0
BRDA:54,5,0,0
BRDA:54,5,1,0
BRDA:58,6,0,0
BRDA:58,6,1,0
BRDA:68,7,0,0
BRDA:68,7,1,0
BRDA:68,8,0,0
BRDA:68,8,1,0
BRDA:86,9,0,0
BRDA:86,9,1,0
BRDA:119,10,0,1
BRDA:119,10,1,0
BRF:22
BRH:5
end_of_record
TN:
SF:/Users/mokunshao/Documents/GitHub/vigour/src/components/row.vue
FN:14,(anonymous_1)
FN:19,(anonymous_2)
FN:20,(anonymous_3)
FN:25,(anonymous_4)
FN:29,(anonymous_5)
FNF:5
FNH:5
FNDA:1,(anonymous_1)
FNDA:2,(anonymous_2)
FNDA:1,(anonymous_3)
FNDA:2,(anonymous_4)
FNDA:4,(anonymous_5)
DA:15,1
DA:20,2
DA:21,1
DA:26,2
DA:27,2
DA:30,4
DA:31,4
LF:7
LH:7
BRDA:31,0,0,4
BRDA:31,0,1,3
BRF:2
BRH:2
end_of_record
TN:
SF:/Users/mokunshao/Documents/GitHub/vigour/src/components/tabs-head.vue
FN:18,(anonymous_1)
FN:19,(anonymous_2)
FN:34,(anonymous_3)
FNF:3
FNH:3
FNDA:2,(anonymous_1)
FNDA:1,(anonymous_2)
FNDA:2,(anonymous_3)
DA:19,2
DA:20,1
DA:21,0
DA:22,0
DA:23,0
DA:24,0
DA:25,0
DA:27,1
DA:28,1
DA:29,1
DA:30,1
DA:34,2
LF:12
LH:7
BRDA:20,0,0,0
BRDA:20,0,1,1
BRF:2
BRH:1
end_of_record
TN:
SF:/Users/mokunshao/Documents/GitHub/vigour/src/components/tabs-item.vue
FN:19,(anonymous_1)
FN:25,(anonymous_2)
FN:33,(anonymous_3)
FN:40,(anonymous_4)
FN:41,(anonymous_5)
FNF:5
FNH:5
FNDA:2,(anonymous_1)
FNDA:4,(anonymous_2)
FNDA:2,(anonymous_3)
FNDA:2,(anonymous_4)
FNDA:1,(anonymous_5)
DA:20,2
DA:26,4
DA:34,2
DA:35,1
DA:36,1
DA:41,2
DA:42,1
LF:7
LH:7
BRDA:34,0,0,1
BRDA:34,0,1,1
BRF:2
BRH:2
end_of_record
TN:
SF:/Users/mokunshao/Documents/GitHub/vigour/src/components/tabs-pane.vue
FN:16,(anonymous_1)
FN:22,(anonymous_2)
FN:28,(anonymous_3)
FN:29,(anonymous_4)
FNF:4
FNH:4
FNDA:2,(anonymous_1)
FNDA:3,(anonymous_2)
FNDA:2,(anonymous_3)
FNDA:1,(anonymous_4)
DA:17,2
DA:23,3
DA:29,2
DA:30,1
LF:4
LH:4
BRF:0
BRH:0
end_of_record
TN:
SF:/Users/mokunshao/Documents/GitHub/vigour/src/components/tabs.vue
FN:19,(anonymous_1)
FN:24,(anonymous_2)
FN:30,(anonymous_3)
FN:32,(anonymous_4)
FN:37,(anonymous_5)
FN:38,(anonymous_6)
FN:40,(anonymous_7)
FN:50,(anonymous_8)
FNF:8
FNH:7
FNDA:0,(anonymous_1)
FNDA:2,(anonymous_2)
FNDA:2,(anonymous_3)
FNDA:2,(anonymous_4)
FNDA:2,(anonymous_5)
FNDA:4,(anonymous_6)
FNDA:2,(anonymous_7)
FNDA:1,(anonymous_8)
DA:8,2
DA:20,0
DA:25,2
DA:30,2
DA:33,2
DA:38,2
DA:39,4
DA:40,2
DA:41,2
DA:42,2
DA:43,0
DA:50,2
DA:51,1
LF:13
LH:11
BRDA:39,0,0,2
BRDA:39,0,1,2
BRDA:41,1,0,2
BRDA:41,1,1,0
BRDA:42,2,0,0
BRDA:42,2,1,2
BRF:6
BRH:4
end_of_record
TN:
SF:/Users/mokunshao/Documents/GitHub/vigour/src/components/toast.vue
FN:30,(anonymous_1)
FN:38,(anonymous_2)
FN:43,(anonymous_3)
FN:45,(anonymous_4)
FN:51,(anonymous_5)
FN:57,(anonymous_6)
FN:63,(anonymous_7)
FNF:7
FNH:7
FNDA:1,(anonymous_1)
FNDA:1,(anonymous_2)
FNDA:4,(anonymous_3)
FNDA:2,(anonymous_4)
FNDA:1,(anonymous_5)
FNDA:3,(anonymous_6)
FNDA:6,(anonymous_7)
DA:31,1
DA:32,1
DA:33,1
DA:39,1
DA:44,4
DA:45,2
DA:46,2
DA:52,1
DA:53,1
DA:54,1
DA:58,3
DA:59,3
DA:64,6
LF:13
LH:13
BRDA:31,0,0,0
BRDA:31,0,1,1
BRDA:31,1,0,1
BRDA:31,1,1,1
BRDA:31,1,2,0
BRDA:32,2,0,1
BRDA:32,2,1,2
BRDA:44,3,0,2
BRDA:44,3,1,2
BRDA:53,4,0,1
BRDA:53,4,1,0
BRDA:64,5,0,3
BRDA:64,5,1,3
BRF:13
BRH:10
end_of_record
TN:
SF:/Users/mokunshao/Documents/GitHub/vigour/src/icons/index.js
FN:1,(anonymous_0)
FN:6,(anonymous_1)
FNF:2
FNH:1
FNDA:0,(anonymous_0)
FNDA:3,(anonymous_1)
DA:1,3
DA:2,3
DA:3,3
DA:4,0
DA:6,3
LF:5
LH:4
BRF:0
BRH:0
end_of_record
